<?xml version="1.0" encoding="UTF-8"?>
<testsuite xmlns:xsi="http://www.w3.org/2001/XMLSchema-instance" xsi:noNamespaceSchemaLocation="https://maven.apache.org/surefire/maven-surefire-plugin/xsd/surefire-test-report.xsd" name="org.example.web_flux_r2dbc.WebFluxR2DbcApplicationTests" time="4.082" tests="1" errors="0" skipped="0" failures="0">
  <properties>
    <property name="awt.toolkit" value="sun.awt.X11.XToolkit"/>
    <property name="java.specification.version" value="11"/>
    <property name="sun.cpu.isalist" value=""/>
    <property name="sun.jnu.encoding" value="UTF-8"/>
    <property name="java.class.path" value="/home/vladimir_sirbu/workspaces/Projects/apps/WEB_FLUX_R2DBC/target/test-classes:/home/vladimir_sirbu/workspaces/Projects/apps/WEB_FLUX_R2DBC/target/classes:/home/vladimir_sirbu/.m2/repository/org/springframework/boot/spring-boot-starter-data-r2dbc/2.7.18/spring-boot-starter-data-r2dbc-2.7.18.jar:/home/vladimir_sirbu/.m2/repository/org/springframework/boot/spring-boot-starter/2.7.18/spring-boot-starter-2.7.18.jar:/home/vladimir_sirbu/.m2/repository/org/springframework/boot/spring-boot/2.7.18/spring-boot-2.7.18.jar:/home/vladimir_sirbu/.m2/repository/org/springframework/boot/spring-boot-autoconfigure/2.7.18/spring-boot-autoconfigure-2.7.18.jar:/home/vladimir_sirbu/.m2/repository/org/springframework/boot/spring-boot-starter-logging/2.7.18/spring-boot-starter-logging-2.7.18.jar:/home/vladimir_sirbu/.m2/repository/ch/qos/logback/logback-classic/1.2.12/logback-classic-1.2.12.jar:/home/vladimir_sirbu/.m2/repository/ch/qos/logback/logback-core/1.2.12/logback-core-1.2.12.jar:/home/vladimir_sirbu/.m2/repository/org/apache/logging/log4j/log4j-to-slf4j/2.17.2/log4j-to-slf4j-2.17.2.jar:/home/vladimir_sirbu/.m2/repository/org/apache/logging/log4j/log4j-api/2.17.2/log4j-api-2.17.2.jar:/home/vladimir_sirbu/.m2/repository/org/slf4j/jul-to-slf4j/1.7.36/jul-to-slf4j-1.7.36.jar:/home/vladimir_sirbu/.m2/repository/jakarta/annotation/jakarta.annotation-api/1.3.5/jakarta.annotation-api-1.3.5.jar:/home/vladimir_sirbu/.m2/repository/org/yaml/snakeyaml/1.30/snakeyaml-1.30.jar:/home/vladimir_sirbu/.m2/repository/org/springframework/data/spring-data-r2dbc/1.5.18/spring-data-r2dbc-1.5.18.jar:/home/vladimir_sirbu/.m2/repository/org/springframework/data/spring-data-commons/2.7.18/spring-data-commons-2.7.18.jar:/home/vladimir_sirbu/.m2/repository/org/springframework/data/spring-data-relational/2.4.18/spring-data-relational-2.4.18.jar:/home/vladimir_sirbu/.m2/repository/org/springframework/spring-r2dbc/5.3.31/spring-r2dbc-5.3.31.jar:/home/vladimir_sirbu/.m2/repository/org/springframework/spring-tx/5.3.31/spring-tx-5.3.31.jar:/home/vladimir_sirbu/.m2/repository/org/springframework/spring-context/5.3.31/spring-context-5.3.31.jar:/home/vladimir_sirbu/.m2/repository/org/springframework/spring-aop/5.3.31/spring-aop-5.3.31.jar:/home/vladimir_sirbu/.m2/repository/org/springframework/spring-expression/5.3.31/spring-expression-5.3.31.jar:/home/vladimir_sirbu/.m2/repository/org/springframework/spring-beans/5.3.31/spring-beans-5.3.31.jar:/home/vladimir_sirbu/.m2/repository/org/slf4j/slf4j-api/1.7.36/slf4j-api-1.7.36.jar:/home/vladimir_sirbu/.m2/repository/io/r2dbc/r2dbc-spi/0.9.1.RELEASE/r2dbc-spi-0.9.1.RELEASE.jar:/home/vladimir_sirbu/.m2/repository/org/reactivestreams/reactive-streams/1.0.4/reactive-streams-1.0.4.jar:/home/vladimir_sirbu/.m2/repository/io/r2dbc/r2dbc-pool/0.9.2.RELEASE/r2dbc-pool-0.9.2.RELEASE.jar:/home/vladimir_sirbu/.m2/repository/io/projectreactor/addons/reactor-pool/0.2.12/reactor-pool-0.2.12.jar:/home/vladimir_sirbu/.m2/repository/org/springframework/boot/spring-boot-starter-webflux/2.7.18/spring-boot-starter-webflux-2.7.18.jar:/home/vladimir_sirbu/.m2/repository/org/springframework/boot/spring-boot-starter-json/2.7.18/spring-boot-starter-json-2.7.18.jar:/home/vladimir_sirbu/.m2/repository/com/fasterxml/jackson/core/jackson-databind/2.13.5/jackson-databind-2.13.5.jar:/home/vladimir_sirbu/.m2/repository/com/fasterxml/jackson/core/jackson-annotations/2.13.5/jackson-annotations-2.13.5.jar:/home/vladimir_sirbu/.m2/repository/com/fasterxml/jackson/core/jackson-core/2.13.5/jackson-core-2.13.5.jar:/home/vladimir_sirbu/.m2/repository/com/fasterxml/jackson/datatype/jackson-datatype-jdk8/2.13.5/jackson-datatype-jdk8-2.13.5.jar:/home/vladimir_sirbu/.m2/repository/com/fasterxml/jackson/datatype/jackson-datatype-jsr310/2.13.5/jackson-datatype-jsr310-2.13.5.jar:/home/vladimir_sirbu/.m2/repository/com/fasterxml/jackson/module/jackson-module-parameter-names/2.13.5/jackson-module-parameter-names-2.13.5.jar:/home/vladimir_sirbu/.m2/repository/org/springframework/boot/spring-boot-starter-reactor-netty/2.7.18/spring-boot-starter-reactor-netty-2.7.18.jar:/home/vladimir_sirbu/.m2/repository/io/projectreactor/netty/reactor-netty-http/1.0.39/reactor-netty-http-1.0.39.jar:/home/vladimir_sirbu/.m2/repository/io/netty/netty-codec-http/4.1.101.Final/netty-codec-http-4.1.101.Final.jar:/home/vladimir_sirbu/.m2/repository/io/netty/netty-common/4.1.101.Final/netty-common-4.1.101.Final.jar:/home/vladimir_sirbu/.m2/repository/io/netty/netty-buffer/4.1.101.Final/netty-buffer-4.1.101.Final.jar:/home/vladimir_sirbu/.m2/repository/io/netty/netty-transport/4.1.101.Final/netty-transport-4.1.101.Final.jar:/home/vladimir_sirbu/.m2/repository/io/netty/netty-codec/4.1.101.Final/netty-codec-4.1.101.Final.jar:/home/vladimir_sirbu/.m2/repository/io/netty/netty-codec-http2/4.1.101.Final/netty-codec-http2-4.1.101.Final.jar:/home/vladimir_sirbu/.m2/repository/io/netty/netty-resolver-dns/4.1.101.Final/netty-resolver-dns-4.1.101.Final.jar:/home/vladimir_sirbu/.m2/repository/io/netty/netty-resolver/4.1.101.Final/netty-resolver-4.1.101.Final.jar:/home/vladimir_sirbu/.m2/repository/io/netty/netty-codec-dns/4.1.101.Final/netty-codec-dns-4.1.101.Final.jar:/home/vladimir_sirbu/.m2/repository/io/netty/netty-resolver-dns-native-macos/4.1.101.Final/netty-resolver-dns-native-macos-4.1.101.Final-osx-x86_64.jar:/home/vladimir_sirbu/.m2/repository/io/netty/netty-resolver-dns-classes-macos/4.1.101.Final/netty-resolver-dns-classes-macos-4.1.101.Final.jar:/home/vladimir_sirbu/.m2/repository/io/netty/netty-transport-native-epoll/4.1.101.Final/netty-transport-native-epoll-4.1.101.Final-linux-x86_64.jar:/home/vladimir_sirbu/.m2/repository/io/netty/netty-transport-native-unix-common/4.1.101.Final/netty-transport-native-unix-common-4.1.101.Final.jar:/home/vladimir_sirbu/.m2/repository/io/netty/netty-transport-classes-epoll/4.1.101.Final/netty-transport-classes-epoll-4.1.101.Final.jar:/home/vladimir_sirbu/.m2/repository/org/springframework/spring-web/5.3.31/spring-web-5.3.31.jar:/home/vladimir_sirbu/.m2/repository/org/springframework/spring-webflux/5.3.31/spring-webflux-5.3.31.jar:/home/vladimir_sirbu/.m2/repository/org/postgresql/r2dbc-postgresql/0.9.2.RELEASE/r2dbc-postgresql-0.9.2.RELEASE.jar:/home/vladimir_sirbu/.m2/repository/com/ongres/scram/client/2.1/client-2.1.jar:/home/vladimir_sirbu/.m2/repository/com/ongres/scram/common/2.1/common-2.1.jar:/home/vladimir_sirbu/.m2/repository/com/ongres/stringprep/saslprep/1.1/saslprep-1.1.jar:/home/vladimir_sirbu/.m2/repository/com/ongres/stringprep/stringprep/1.1/stringprep-1.1.jar:/home/vladimir_sirbu/.m2/repository/io/projectreactor/reactor-core/3.4.34/reactor-core-3.4.34.jar:/home/vladimir_sirbu/.m2/repository/io/projectreactor/netty/reactor-netty/1.0.39/reactor-netty-1.0.39.jar:/home/vladimir_sirbu/.m2/repository/io/projectreactor/netty/reactor-netty-core/1.0.39/reactor-netty-core-1.0.39.jar:/home/vladimir_sirbu/.m2/repository/io/netty/netty-handler/4.1.101.Final/netty-handler-4.1.101.Final.jar:/home/vladimir_sirbu/.m2/repository/io/netty/netty-handler-proxy/4.1.101.Final/netty-handler-proxy-4.1.101.Final.jar:/home/vladimir_sirbu/.m2/repository/io/netty/netty-codec-socks/4.1.101.Final/netty-codec-socks-4.1.101.Final.jar:/home/vladimir_sirbu/.m2/repository/io/projectreactor/netty/incubator/reactor-netty-incubator-quic/0.0.28/reactor-netty-incubator-quic-0.0.28.jar:/home/vladimir_sirbu/.m2/repository/io/netty/incubator/netty-incubator-codec-native-quic/0.0.52.Final/netty-incubator-codec-native-quic-0.0.52.Final-linux-x86_64.jar:/home/vladimir_sirbu/.m2/repository/io/netty/incubator/netty-incubator-codec-classes-quic/0.0.52.Final/netty-incubator-codec-classes-quic-0.0.52.Final.jar:/home/vladimir_sirbu/.m2/repository/io/projectreactor/netty/reactor-netty-http-brave/1.0.39/reactor-netty-http-brave-1.0.39.jar:/home/vladimir_sirbu/.m2/repository/io/zipkin/brave/brave-instrumentation-http/5.16.0/brave-instrumentation-http-5.16.0.jar:/home/vladimir_sirbu/.m2/repository/io/zipkin/brave/brave/5.16.0/brave-5.16.0.jar:/home/vladimir_sirbu/.m2/repository/io/zipkin/reporter2/zipkin-reporter-brave/2.16.3/zipkin-reporter-brave-2.16.3.jar:/home/vladimir_sirbu/.m2/repository/io/zipkin/reporter2/zipkin-reporter/2.16.3/zipkin-reporter-2.16.3.jar:/home/vladimir_sirbu/.m2/repository/io/zipkin/zipkin2/zipkin/2.23.2/zipkin-2.23.2.jar:/home/vladimir_sirbu/.m2/repository/org/springframework/boot/spring-boot-starter-test/2.7.18/spring-boot-starter-test-2.7.18.jar:/home/vladimir_sirbu/.m2/repository/org/springframework/boot/spring-boot-test/2.7.18/spring-boot-test-2.7.18.jar:/home/vladimir_sirbu/.m2/repository/org/springframework/boot/spring-boot-test-autoconfigure/2.7.18/spring-boot-test-autoconfigure-2.7.18.jar:/home/vladimir_sirbu/.m2/repository/com/jayway/jsonpath/json-path/2.7.0/json-path-2.7.0.jar:/home/vladimir_sirbu/.m2/repository/net/minidev/json-smart/2.4.11/json-smart-2.4.11.jar:/home/vladimir_sirbu/.m2/repository/net/minidev/accessors-smart/2.4.11/accessors-smart-2.4.11.jar:/home/vladimir_sirbu/.m2/repository/org/ow2/asm/asm/9.3/asm-9.3.jar:/home/vladimir_sirbu/.m2/repository/jakarta/xml/bind/jakarta.xml.bind-api/2.3.3/jakarta.xml.bind-api-2.3.3.jar:/home/vladimir_sirbu/.m2/repository/jakarta/activation/jakarta.activation-api/1.2.2/jakarta.activation-api-1.2.2.jar:/home/vladimir_sirbu/.m2/repository/org/assertj/assertj-core/3.22.0/assertj-core-3.22.0.jar:/home/vladimir_sirbu/.m2/repository/org/hamcrest/hamcrest/2.2/hamcrest-2.2.jar:/home/vladimir_sirbu/.m2/repository/org/junit/jupiter/junit-jupiter/5.8.2/junit-jupiter-5.8.2.jar:/home/vladimir_sirbu/.m2/repository/org/junit/jupiter/junit-jupiter-api/5.8.2/junit-jupiter-api-5.8.2.jar:/home/vladimir_sirbu/.m2/repository/org/opentest4j/opentest4j/1.2.0/opentest4j-1.2.0.jar:/home/vladimir_sirbu/.m2/repository/org/junit/platform/junit-platform-commons/1.8.2/junit-platform-commons-1.8.2.jar:/home/vladimir_sirbu/.m2/repository/org/apiguardian/apiguardian-api/1.1.2/apiguardian-api-1.1.2.jar:/home/vladimir_sirbu/.m2/repository/org/junit/jupiter/junit-jupiter-params/5.8.2/junit-jupiter-params-5.8.2.jar:/home/vladimir_sirbu/.m2/repository/org/junit/jupiter/junit-jupiter-engine/5.8.2/junit-jupiter-engine-5.8.2.jar:/home/vladimir_sirbu/.m2/repository/org/junit/platform/junit-platform-engine/1.8.2/junit-platform-engine-1.8.2.jar:/home/vladimir_sirbu/.m2/repository/org/mockito/mockito-core/4.5.1/mockito-core-4.5.1.jar:/home/vladimir_sirbu/.m2/repository/net/bytebuddy/byte-buddy/1.12.23/byte-buddy-1.12.23.jar:/home/vladimir_sirbu/.m2/repository/net/bytebuddy/byte-buddy-agent/1.12.23/byte-buddy-agent-1.12.23.jar:/home/vladimir_sirbu/.m2/repository/org/objenesis/objenesis/3.2/objenesis-3.2.jar:/home/vladimir_sirbu/.m2/repository/org/mockito/mockito-junit-jupiter/4.5.1/mockito-junit-jupiter-4.5.1.jar:/home/vladimir_sirbu/.m2/repository/org/skyscreamer/jsonassert/1.5.1/jsonassert-1.5.1.jar:/home/vladimir_sirbu/.m2/repository/com/vaadin/external/google/android-json/0.0.20131108.vaadin1/android-json-0.0.20131108.vaadin1.jar:/home/vladimir_sirbu/.m2/repository/org/springframework/spring-core/5.3.31/spring-core-5.3.31.jar:/home/vladimir_sirbu/.m2/repository/org/springframework/spring-jcl/5.3.31/spring-jcl-5.3.31.jar:/home/vladimir_sirbu/.m2/repository/org/springframework/spring-test/5.3.31/spring-test-5.3.31.jar:/home/vladimir_sirbu/.m2/repository/org/xmlunit/xmlunit-core/2.9.1/xmlunit-core-2.9.1.jar:/home/vladimir_sirbu/.m2/repository/io/projectreactor/reactor-test/3.4.34/reactor-test-3.4.34.jar:"/>
    <property name="java.vm.vendor" value="Ubuntu"/>
    <property name="sun.arch.data.model" value="64"/>
    <property name="java.vendor.url" value="https://ubuntu.com/"/>
    <property name="user.timezone" value=""/>
    <property name="java.vm.specification.version" value="11"/>
    <property name="os.name" value="Linux"/>
    <property name="sun.java.launcher" value="SUN_STANDARD"/>
    <property name="sun.boot.library.path" value="/usr/lib/jvm/java-11-openjdk-amd64/lib"/>
    <property name="sun.java.command" value="/home/vladimir_sirbu/workspaces/Projects/apps/WEB_FLUX_R2DBC/target/surefire/surefirebooter9208828297155940260.jar /home/vladimir_sirbu/workspaces/Projects/apps/WEB_FLUX_R2DBC/target/surefire 2024-06-09T18-03-17_353-jvmRun1 surefire12878157422606960739tmp surefire_015411504570352361540tmp"/>
    <property name="jdk.debug" value="release"/>
    <property name="surefire.test.class.path" value="/home/vladimir_sirbu/workspaces/Projects/apps/WEB_FLUX_R2DBC/target/test-classes:/home/vladimir_sirbu/workspaces/Projects/apps/WEB_FLUX_R2DBC/target/classes:/home/vladimir_sirbu/.m2/repository/org/springframework/boot/spring-boot-starter-data-r2dbc/2.7.18/spring-boot-starter-data-r2dbc-2.7.18.jar:/home/vladimir_sirbu/.m2/repository/org/springframework/boot/spring-boot-starter/2.7.18/spring-boot-starter-2.7.18.jar:/home/vladimir_sirbu/.m2/repository/org/springframework/boot/spring-boot/2.7.18/spring-boot-2.7.18.jar:/home/vladimir_sirbu/.m2/repository/org/springframework/boot/spring-boot-autoconfigure/2.7.18/spring-boot-autoconfigure-2.7.18.jar:/home/vladimir_sirbu/.m2/repository/org/springframework/boot/spring-boot-starter-logging/2.7.18/spring-boot-starter-logging-2.7.18.jar:/home/vladimir_sirbu/.m2/repository/ch/qos/logback/logback-classic/1.2.12/logback-classic-1.2.12.jar:/home/vladimir_sirbu/.m2/repository/ch/qos/logback/logback-core/1.2.12/logback-core-1.2.12.jar:/home/vladimir_sirbu/.m2/repository/org/apache/logging/log4j/log4j-to-slf4j/2.17.2/log4j-to-slf4j-2.17.2.jar:/home/vladimir_sirbu/.m2/repository/org/apache/logging/log4j/log4j-api/2.17.2/log4j-api-2.17.2.jar:/home/vladimir_sirbu/.m2/repository/org/slf4j/jul-to-slf4j/1.7.36/jul-to-slf4j-1.7.36.jar:/home/vladimir_sirbu/.m2/repository/jakarta/annotation/jakarta.annotation-api/1.3.5/jakarta.annotation-api-1.3.5.jar:/home/vladimir_sirbu/.m2/repository/org/yaml/snakeyaml/1.30/snakeyaml-1.30.jar:/home/vladimir_sirbu/.m2/repository/org/springframework/data/spring-data-r2dbc/1.5.18/spring-data-r2dbc-1.5.18.jar:/home/vladimir_sirbu/.m2/repository/org/springframework/data/spring-data-commons/2.7.18/spring-data-commons-2.7.18.jar:/home/vladimir_sirbu/.m2/repository/org/springframework/data/spring-data-relational/2.4.18/spring-data-relational-2.4.18.jar:/home/vladimir_sirbu/.m2/repository/org/springframework/spring-r2dbc/5.3.31/spring-r2dbc-5.3.31.jar:/home/vladimir_sirbu/.m2/repository/org/springframework/spring-tx/5.3.31/spring-tx-5.3.31.jar:/home/vladimir_sirbu/.m2/repository/org/springframework/spring-context/5.3.31/spring-context-5.3.31.jar:/home/vladimir_sirbu/.m2/repository/org/springframework/spring-aop/5.3.31/spring-aop-5.3.31.jar:/home/vladimir_sirbu/.m2/repository/org/springframework/spring-expression/5.3.31/spring-expression-5.3.31.jar:/home/vladimir_sirbu/.m2/repository/org/springframework/spring-beans/5.3.31/spring-beans-5.3.31.jar:/home/vladimir_sirbu/.m2/repository/org/slf4j/slf4j-api/1.7.36/slf4j-api-1.7.36.jar:/home/vladimir_sirbu/.m2/repository/io/r2dbc/r2dbc-spi/0.9.1.RELEASE/r2dbc-spi-0.9.1.RELEASE.jar:/home/vladimir_sirbu/.m2/repository/org/reactivestreams/reactive-streams/1.0.4/reactive-streams-1.0.4.jar:/home/vladimir_sirbu/.m2/repository/io/r2dbc/r2dbc-pool/0.9.2.RELEASE/r2dbc-pool-0.9.2.RELEASE.jar:/home/vladimir_sirbu/.m2/repository/io/projectreactor/addons/reactor-pool/0.2.12/reactor-pool-0.2.12.jar:/home/vladimir_sirbu/.m2/repository/org/springframework/boot/spring-boot-starter-webflux/2.7.18/spring-boot-starter-webflux-2.7.18.jar:/home/vladimir_sirbu/.m2/repository/org/springframework/boot/spring-boot-starter-json/2.7.18/spring-boot-starter-json-2.7.18.jar:/home/vladimir_sirbu/.m2/repository/com/fasterxml/jackson/core/jackson-databind/2.13.5/jackson-databind-2.13.5.jar:/home/vladimir_sirbu/.m2/repository/com/fasterxml/jackson/core/jackson-annotations/2.13.5/jackson-annotations-2.13.5.jar:/home/vladimir_sirbu/.m2/repository/com/fasterxml/jackson/core/jackson-core/2.13.5/jackson-core-2.13.5.jar:/home/vladimir_sirbu/.m2/repository/com/fasterxml/jackson/datatype/jackson-datatype-jdk8/2.13.5/jackson-datatype-jdk8-2.13.5.jar:/home/vladimir_sirbu/.m2/repository/com/fasterxml/jackson/datatype/jackson-datatype-jsr310/2.13.5/jackson-datatype-jsr310-2.13.5.jar:/home/vladimir_sirbu/.m2/repository/com/fasterxml/jackson/module/jackson-module-parameter-names/2.13.5/jackson-module-parameter-names-2.13.5.jar:/home/vladimir_sirbu/.m2/repository/org/springframework/boot/spring-boot-starter-reactor-netty/2.7.18/spring-boot-starter-reactor-netty-2.7.18.jar:/home/vladimir_sirbu/.m2/repository/io/projectreactor/netty/reactor-netty-http/1.0.39/reactor-netty-http-1.0.39.jar:/home/vladimir_sirbu/.m2/repository/io/netty/netty-codec-http/4.1.101.Final/netty-codec-http-4.1.101.Final.jar:/home/vladimir_sirbu/.m2/repository/io/netty/netty-common/4.1.101.Final/netty-common-4.1.101.Final.jar:/home/vladimir_sirbu/.m2/repository/io/netty/netty-buffer/4.1.101.Final/netty-buffer-4.1.101.Final.jar:/home/vladimir_sirbu/.m2/repository/io/netty/netty-transport/4.1.101.Final/netty-transport-4.1.101.Final.jar:/home/vladimir_sirbu/.m2/repository/io/netty/netty-codec/4.1.101.Final/netty-codec-4.1.101.Final.jar:/home/vladimir_sirbu/.m2/repository/io/netty/netty-codec-http2/4.1.101.Final/netty-codec-http2-4.1.101.Final.jar:/home/vladimir_sirbu/.m2/repository/io/netty/netty-resolver-dns/4.1.101.Final/netty-resolver-dns-4.1.101.Final.jar:/home/vladimir_sirbu/.m2/repository/io/netty/netty-resolver/4.1.101.Final/netty-resolver-4.1.101.Final.jar:/home/vladimir_sirbu/.m2/repository/io/netty/netty-codec-dns/4.1.101.Final/netty-codec-dns-4.1.101.Final.jar:/home/vladimir_sirbu/.m2/repository/io/netty/netty-resolver-dns-native-macos/4.1.101.Final/netty-resolver-dns-native-macos-4.1.101.Final-osx-x86_64.jar:/home/vladimir_sirbu/.m2/repository/io/netty/netty-resolver-dns-classes-macos/4.1.101.Final/netty-resolver-dns-classes-macos-4.1.101.Final.jar:/home/vladimir_sirbu/.m2/repository/io/netty/netty-transport-native-epoll/4.1.101.Final/netty-transport-native-epoll-4.1.101.Final-linux-x86_64.jar:/home/vladimir_sirbu/.m2/repository/io/netty/netty-transport-native-unix-common/4.1.101.Final/netty-transport-native-unix-common-4.1.101.Final.jar:/home/vladimir_sirbu/.m2/repository/io/netty/netty-transport-classes-epoll/4.1.101.Final/netty-transport-classes-epoll-4.1.101.Final.jar:/home/vladimir_sirbu/.m2/repository/org/springframework/spring-web/5.3.31/spring-web-5.3.31.jar:/home/vladimir_sirbu/.m2/repository/org/springframework/spring-webflux/5.3.31/spring-webflux-5.3.31.jar:/home/vladimir_sirbu/.m2/repository/org/postgresql/r2dbc-postgresql/0.9.2.RELEASE/r2dbc-postgresql-0.9.2.RELEASE.jar:/home/vladimir_sirbu/.m2/repository/com/ongres/scram/client/2.1/client-2.1.jar:/home/vladimir_sirbu/.m2/repository/com/ongres/scram/common/2.1/common-2.1.jar:/home/vladimir_sirbu/.m2/repository/com/ongres/stringprep/saslprep/1.1/saslprep-1.1.jar:/home/vladimir_sirbu/.m2/repository/com/ongres/stringprep/stringprep/1.1/stringprep-1.1.jar:/home/vladimir_sirbu/.m2/repository/io/projectreactor/reactor-core/3.4.34/reactor-core-3.4.34.jar:/home/vladimir_sirbu/.m2/repository/io/projectreactor/netty/reactor-netty/1.0.39/reactor-netty-1.0.39.jar:/home/vladimir_sirbu/.m2/repository/io/projectreactor/netty/reactor-netty-core/1.0.39/reactor-netty-core-1.0.39.jar:/home/vladimir_sirbu/.m2/repository/io/netty/netty-handler/4.1.101.Final/netty-handler-4.1.101.Final.jar:/home/vladimir_sirbu/.m2/repository/io/netty/netty-handler-proxy/4.1.101.Final/netty-handler-proxy-4.1.101.Final.jar:/home/vladimir_sirbu/.m2/repository/io/netty/netty-codec-socks/4.1.101.Final/netty-codec-socks-4.1.101.Final.jar:/home/vladimir_sirbu/.m2/repository/io/projectreactor/netty/incubator/reactor-netty-incubator-quic/0.0.28/reactor-netty-incubator-quic-0.0.28.jar:/home/vladimir_sirbu/.m2/repository/io/netty/incubator/netty-incubator-codec-native-quic/0.0.52.Final/netty-incubator-codec-native-quic-0.0.52.Final-linux-x86_64.jar:/home/vladimir_sirbu/.m2/repository/io/netty/incubator/netty-incubator-codec-classes-quic/0.0.52.Final/netty-incubator-codec-classes-quic-0.0.52.Final.jar:/home/vladimir_sirbu/.m2/repository/io/projectreactor/netty/reactor-netty-http-brave/1.0.39/reactor-netty-http-brave-1.0.39.jar:/home/vladimir_sirbu/.m2/repository/io/zipkin/brave/brave-instrumentation-http/5.16.0/brave-instrumentation-http-5.16.0.jar:/home/vladimir_sirbu/.m2/repository/io/zipkin/brave/brave/5.16.0/brave-5.16.0.jar:/home/vladimir_sirbu/.m2/repository/io/zipkin/reporter2/zipkin-reporter-brave/2.16.3/zipkin-reporter-brave-2.16.3.jar:/home/vladimir_sirbu/.m2/repository/io/zipkin/reporter2/zipkin-reporter/2.16.3/zipkin-reporter-2.16.3.jar:/home/vladimir_sirbu/.m2/repository/io/zipkin/zipkin2/zipkin/2.23.2/zipkin-2.23.2.jar:/home/vladimir_sirbu/.m2/repository/org/springframework/boot/spring-boot-starter-test/2.7.18/spring-boot-starter-test-2.7.18.jar:/home/vladimir_sirbu/.m2/repository/org/springframework/boot/spring-boot-test/2.7.18/spring-boot-test-2.7.18.jar:/home/vladimir_sirbu/.m2/repository/org/springframework/boot/spring-boot-test-autoconfigure/2.7.18/spring-boot-test-autoconfigure-2.7.18.jar:/home/vladimir_sirbu/.m2/repository/com/jayway/jsonpath/json-path/2.7.0/json-path-2.7.0.jar:/home/vladimir_sirbu/.m2/repository/net/minidev/json-smart/2.4.11/json-smart-2.4.11.jar:/home/vladimir_sirbu/.m2/repository/net/minidev/accessors-smart/2.4.11/accessors-smart-2.4.11.jar:/home/vladimir_sirbu/.m2/repository/org/ow2/asm/asm/9.3/asm-9.3.jar:/home/vladimir_sirbu/.m2/repository/jakarta/xml/bind/jakarta.xml.bind-api/2.3.3/jakarta.xml.bind-api-2.3.3.jar:/home/vladimir_sirbu/.m2/repository/jakarta/activation/jakarta.activation-api/1.2.2/jakarta.activation-api-1.2.2.jar:/home/vladimir_sirbu/.m2/repository/org/assertj/assertj-core/3.22.0/assertj-core-3.22.0.jar:/home/vladimir_sirbu/.m2/repository/org/hamcrest/hamcrest/2.2/hamcrest-2.2.jar:/home/vladimir_sirbu/.m2/repository/org/junit/jupiter/junit-jupiter/5.8.2/junit-jupiter-5.8.2.jar:/home/vladimir_sirbu/.m2/repository/org/junit/jupiter/junit-jupiter-api/5.8.2/junit-jupiter-api-5.8.2.jar:/home/vladimir_sirbu/.m2/repository/org/opentest4j/opentest4j/1.2.0/opentest4j-1.2.0.jar:/home/vladimir_sirbu/.m2/repository/org/junit/platform/junit-platform-commons/1.8.2/junit-platform-commons-1.8.2.jar:/home/vladimir_sirbu/.m2/repository/org/apiguardian/apiguardian-api/1.1.2/apiguardian-api-1.1.2.jar:/home/vladimir_sirbu/.m2/repository/org/junit/jupiter/junit-jupiter-params/5.8.2/junit-jupiter-params-5.8.2.jar:/home/vladimir_sirbu/.m2/repository/org/junit/jupiter/junit-jupiter-engine/5.8.2/junit-jupiter-engine-5.8.2.jar:/home/vladimir_sirbu/.m2/repository/org/junit/platform/junit-platform-engine/1.8.2/junit-platform-engine-1.8.2.jar:/home/vladimir_sirbu/.m2/repository/org/mockito/mockito-core/4.5.1/mockito-core-4.5.1.jar:/home/vladimir_sirbu/.m2/repository/net/bytebuddy/byte-buddy/1.12.23/byte-buddy-1.12.23.jar:/home/vladimir_sirbu/.m2/repository/net/bytebuddy/byte-buddy-agent/1.12.23/byte-buddy-agent-1.12.23.jar:/home/vladimir_sirbu/.m2/repository/org/objenesis/objenesis/3.2/objenesis-3.2.jar:/home/vladimir_sirbu/.m2/repository/org/mockito/mockito-junit-jupiter/4.5.1/mockito-junit-jupiter-4.5.1.jar:/home/vladimir_sirbu/.m2/repository/org/skyscreamer/jsonassert/1.5.1/jsonassert-1.5.1.jar:/home/vladimir_sirbu/.m2/repository/com/vaadin/external/google/android-json/0.0.20131108.vaadin1/android-json-0.0.20131108.vaadin1.jar:/home/vladimir_sirbu/.m2/repository/org/springframework/spring-core/5.3.31/spring-core-5.3.31.jar:/home/vladimir_sirbu/.m2/repository/org/springframework/spring-jcl/5.3.31/spring-jcl-5.3.31.jar:/home/vladimir_sirbu/.m2/repository/org/springframework/spring-test/5.3.31/spring-test-5.3.31.jar:/home/vladimir_sirbu/.m2/repository/org/xmlunit/xmlunit-core/2.9.1/xmlunit-core-2.9.1.jar:/home/vladimir_sirbu/.m2/repository/io/projectreactor/reactor-test/3.4.34/reactor-test-3.4.34.jar:"/>
    <property name="sun.cpu.endian" value="little"/>
    <property name="user.home" value="/home/vladimir_sirbu"/>
    <property name="user.language" value="en"/>
    <property name="java.specification.vendor" value="Oracle Corporation"/>
    <property name="java.version.date" value="2024-04-16"/>
    <property name="java.home" value="/usr/lib/jvm/java-11-openjdk-amd64"/>
    <property name="file.separator" value="/"/>
    <property name="basedir" value="/home/vladimir_sirbu/workspaces/Projects/apps/WEB_FLUX_R2DBC"/>
    <property name="java.vm.compressedOopsMode" value="32-bit"/>
    <property name="line.separator" value="&#10;"/>
    <property name="java.specification.name" value="Java Platform API Specification"/>
    <property name="java.vm.specification.vendor" value="Oracle Corporation"/>
    <property name="java.awt.graphicsenv" value="sun.awt.X11GraphicsEnvironment"/>
    <property name="surefire.real.class.path" value="/home/vladimir_sirbu/workspaces/Projects/apps/WEB_FLUX_R2DBC/target/surefire/surefirebooter9208828297155940260.jar"/>
    <property name="sun.management.compiler" value="HotSpot 64-Bit Tiered Compilers"/>
    <property name="java.runtime.version" value="11.0.23+9-post-Ubuntu-1ubuntu122.04.1"/>
    <property name="user.name" value="vladimir_sirbu"/>
    <property name="path.separator" value=":"/>
    <property name="os.version" value="5.15.133.1-microsoft-standard-WSL2"/>
    <property name="java.runtime.name" value="OpenJDK Runtime Environment"/>
    <property name="file.encoding" value="UTF-8"/>
    <property name="java.vm.name" value="OpenJDK 64-Bit Server VM"/>
    <property name="localRepository" value="/home/vladimir_sirbu/.m2/repository"/>
    <property name="java.vendor.url.bug" value="https://bugs.launchpad.net/ubuntu/+source/openjdk-lts"/>
    <property name="java.io.tmpdir" value="/tmp"/>
    <property name="java.version" value="11.0.23"/>
    <property name="user.dir" value="/home/vladimir_sirbu/workspaces/Projects/apps/WEB_FLUX_R2DBC"/>
    <property name="os.arch" value="amd64"/>
    <property name="java.vm.specification.name" value="Java Virtual Machine Specification"/>
    <property name="java.awt.printerjob" value="sun.print.PSPrinterJob"/>
    <property name="sun.os.patch.level" value="unknown"/>
    <property name="java.library.path" value="/usr/java/packages/lib:/usr/lib/x86_64-linux-gnu/jni:/lib/x86_64-linux-gnu:/usr/lib/x86_64-linux-gnu:/usr/lib/jni:/lib:/usr/lib"/>
    <property name="java.vm.info" value="mixed mode, sharing"/>
    <property name="java.vendor" value="Ubuntu"/>
    <property name="java.vm.version" value="11.0.23+9-post-Ubuntu-1ubuntu122.04.1"/>
    <property name="java.specification.maintenance.version" value="2"/>
    <property name="sun.io.unicode.encoding" value="UnicodeLittle"/>
    <property name="java.class.version" value="55.0"/>
  </properties>
  <testcase name="contextLoads" classname="org.example.web_flux_r2dbc.WebFluxR2DbcApplicationTests" time="0.538"/>
</testsuite>